# JRE version: OpenJDK Runtime Environment (8.0_45-b14) (build 1.8.0_45-b14)
# Java VM: OpenJDK 64-Bit Server VM (25.45-b02 mixed mode linux-amd64 compressed oops)
Heap:
 PSYoungGen      total 28672K, used 14460K [0x00000000eb800000, 0x00000000ee380000, 0x0000000100000000)
  eden space 24064K, 41% used [0x00000000eb800000,0x00000000ec1d96f0,0x00000000ecf80000)
  from space 4608K, 94% used [0x00000000edf00000,0x00000000ee345c90,0x00000000ee380000)
  to   space 8704K, 0% used [0x00000000ed280000,0x00000000ed280000,0x00000000edb00000)
 ParOldGen       total 49152K, used 17298K [0x00000000c2800000, 0x00000000c5800000, 0x00000000eb800000)
  object space 49152K, 35% used [0x00000000c2800000,0x00000000c38e4890,0x00000000c5800000)
 Metaspace       used 21363K, capacity 22344K, committed 22528K, reserved 1069056K
  class space    used 2770K, capacity 3001K, committed 3072K, reserved 1048576K
GC Heap History (10 events):
Event: 2,973 GC heap before
{Heap before GC invocations=3 (full 0):
 PSYoungGen      total 18432K, used 18424K [0x00000000eb800000, 0x00000000ecc80000, 0x0000000100000000)
  eden space 15872K, 100% used [0x00000000eb800000,0x00000000ec780000,0x00000000ec780000)
  from space 2560K, 99% used [0x00000000eca00000,0x00000000ecc7e0d0,0x00000000ecc80000)
  to   space 2560K, 0% used [0x00000000ec780000,0x00000000ec780000,0x00000000eca00000)
 ParOldGen       total 42496K, used 5256K [0x00000000c2800000, 0x00000000c5180000, 0x00000000eb800000)
  object space 42496K, 12% used [0x00000000c2800000,0x00000000c2d22078,0x00000000c5180000)
 Metaspace       used 15952K, capacity 16588K, committed 16768K, reserved 1062912K
  class space    used 2168K, capacity 2329K, committed 2432K, reserved 1048576K
Event: 2,986 GC heap after
Heap after GC invocations=3 (full 0):
 PSYoungGen      total 18432K, used 2536K [0x00000000eb800000, 0x00000000ecc80000, 0x0000000100000000)
  eden space 15872K, 0% used [0x00000000eb800000,0x00000000eb800000,0x00000000ec780000)
  from space 2560K, 99% used [0x00000000ec780000,0x00000000ec9fa0d8,0x00000000eca00000)
  to   space 2560K, 0% used [0x00000000eca00000,0x00000000eca00000,0x00000000ecc80000)
 ParOldGen       total 42496K, used 10328K [0x00000000c2800000, 0x00000000c5180000, 0x00000000eb800000)
  object space 42496K, 24% used [0x00000000c2800000,0x00000000c3216180,0x00000000c5180000)
 Metaspace       used 15952K, capacity 16588K, committed 16768K, reserved 1062912K
  class space    used 2168K, capacity 2329K, committed 2432K, reserved 1048576K
}
Event: 6,644 GC heap before
{Heap before GC invocations=4 (full 0):
 PSYoungGen      total 18432K, used 18405K [0x00000000eb800000, 0x00000000ecc80000, 0x0000000100000000)
  eden space 15872K, 99% used [0x00000000eb800000,0x00000000ec77f558,0x00000000ec780000)
  from space 2560K, 99% used [0x00000000ec780000,0x00000000ec9fa0d8,0x00000000eca00000)
  to   space 2560K, 0% used [0x00000000eca00000,0x00000000eca00000,0x00000000ecc80000)
 ParOldGen       total 42496K, used 21096K [0x00000000c2800000, 0x00000000c5180000, 0x00000000eb800000)
  object space 42496K, 49% used [0x00000000c2800000,0x00000000c3c9a148,0x00000000c5180000)
 Metaspace       used 20049K, capacity 20860K, committed 21120K, reserved 1067008K
  class space    used 2620K, capacity 2831K, committed 2944K, reserved 1048576K
Event: 6,654 GC heap after
Heap after GC invocations=4 (full 0):
 PSYoungGen      total 18432K, used 2546K [0x00000000eb800000, 0x00000000ecc80000, 0x0000000100000000)
  eden space 15872K, 0% used [0x00000000eb800000,0x00000000eb800000,0x00000000ec780000)
  from space 2560K, 99% used [0x00000000eca00000,0x00000000ecc7c950,0x00000000ecc80000)
  to   space 2560K, 0% used [0x00000000ec780000,0x00000000ec780000,0x00000000eca00000)
 ParOldGen       total 42496K, used 25684K [0x00000000c2800000, 0x00000000c5180000, 0x00000000eb800000)
  object space 42496K, 60% used [0x00000000c2800000,0x00000000c4115268,0x00000000c5180000)
 Metaspace       used 20049K, capacity 20860K, committed 21120K, reserved 1067008K
  class space    used 2620K, capacity 2831K, committed 2944K, reserved 1048576K
}
Event: 7,064 GC heap before
{Heap before GC invocations=5 (full 0):
 PSYoungGen      total 18432K, used 14201K [0x00000000eb800000, 0x00000000ecc80000, 0x0000000100000000)
  eden space 15872K, 73% used [0x00000000eb800000,0x00000000ec361e80,0x00000000ec780000)
  from space 2560K, 99% used [0x00000000eca00000,0x00000000ecc7c950,0x00000000ecc80000)
  to   space 2560K, 0% used [0x00000000ec780000,0x00000000ec780000,0x00000000eca00000)
 ParOldGen       total 42496K, used 25684K [0x00000000c2800000, 0x00000000c5180000, 0x00000000eb800000)
  object space 42496K, 60% used [0x00000000c2800000,0x00000000c4115268,0x00000000c5180000)
 Metaspace       used 20344K, capacity 21172K, committed 21296K, reserved 1067008K
  class space    used 2640K, capacity 2867K, committed 2944K, reserved 1048576K
Event: 7,081 GC heap after
Heap after GC invocations=5 (full 0):
 PSYoungGen      total 18432K, used 2557K [0x00000000eb800000, 0x00000000ee700000, 0x0000000100000000)
  eden space 15872K, 0% used [0x00000000eb800000,0x00000000eb800000,0x00000000ec780000)
  from space 2560K, 99% used [0x00000000ec780000,0x00000000ec9ff570,0x00000000eca00000)
  to   space 8192K, 0% used [0x00000000edf00000,0x00000000edf00000,0x00000000ee700000)
 ParOldGen       total 42496K, used 29421K [0x00000000c2800000, 0x00000000c5180000, 0x00000000eb800000)
  object space 42496K, 69% used [0x00000000c2800000,0x00000000c44bb568,0x00000000c5180000)
 Metaspace       used 20344K, capacity 21172K, committed 21296K, reserved 1067008K
  class space    used 2640K, capacity 2867K, committed 2944K, reserved 1048576K
}
Event: 7,081 GC heap before
{Heap before GC invocations=6 (full 1):
 PSYoungGen      total 18432K, used 2557K [0x00000000eb800000, 0x00000000ee700000, 0x0000000100000000)
  eden space 15872K, 0% used [0x00000000eb800000,0x00000000eb800000,0x00000000ec780000)
  from space 2560K, 99% used [0x00000000ec780000,0x00000000ec9ff570,0x00000000eca00000)
  to   space 8192K, 0% used [0x00000000edf00000,0x00000000edf00000,0x00000000ee700000)
 ParOldGen       total 42496K, used 29421K [0x00000000c2800000, 0x00000000c5180000, 0x00000000eb800000)
  object space 42496K, 69% used [0x00000000c2800000,0x00000000c44bb568,0x00000000c5180000)
 Metaspace       used 20344K, capacity 21172K, committed 21296K, reserved 1067008K
  class space    used 2640K, capacity 2867K, committed 2944K, reserved 1048576K
Event: 7,203 GC heap after
Heap after GC invocations=6 (full 1):
 PSYoungGen      total 18432K, used 0K [0x00000000eb800000, 0x00000000ee700000, 0x0000000100000000)
  eden space 15872K, 0% used [0x00000000eb800000,0x00000000eb800000,0x00000000ec780000)
  from space 2560K, 0% used [0x00000000ec780000,0x00000000ec780000,0x00000000eca00000)
  to   space 8192K, 0% used [0x00000000edf00000,0x00000000edf00000,0x00000000ee700000)
 ParOldGen       total 49152K, used 17298K [0x00000000c2800000, 0x00000000c5800000, 0x00000000eb800000)
  object space 49152K, 35% used [0x00000000c2800000,0x00000000c38e4890,0x00000000c5800000)
 Metaspace       used 20344K, capacity 21172K, committed 21296K, reserved 1067008K
  class space    used 2640K, capacity 2867K, committed 2944K, reserved 1048576K
}
Event: 7,868 GC heap before
{Heap before GC invocations=7 (full 1):
 PSYoungGen      total 18432K, used 15872K [0x00000000eb800000, 0x00000000ee700000, 0x0000000100000000)
  eden space 15872K, 100% used [0x00000000eb800000,0x00000000ec780000,0x00000000ec780000)
  from space 2560K, 0% used [0x00000000ec780000,0x00000000ec780000,0x00000000eca00000)
  to   space 8192K, 0% used [0x00000000edf00000,0x00000000edf00000,0x00000000ee700000)
 ParOldGen       total 49152K, used 17298K [0x00000000c2800000, 0x00000000c5800000, 0x00000000eb800000)
  object space 49152K, 35% used [0x00000000c2800000,0x00000000c38e4890,0x00000000c5800000)
 Metaspace       used 21212K, capacity 22208K, committed 22528K, reserved 1069056K
  class space    used 2770K, capacity 3001K, committed 3072K, reserved 1048576K
Event: 7,885 GC heap after
Heap after GC invocations=7 (full 1):
 PSYoungGen      total 28672K, used 4375K [0x00000000eb800000, 0x00000000ee380000, 0x0000000100000000)
  eden space 24064K, 0% used [0x00000000eb800000,0x00000000eb800000,0x00000000ecf80000)
  from space 4608K, 94% used [0x00000000edf00000,0x00000000ee345c90,0x00000000ee380000)
  to   space 8704K, 0% used [0x00000000ed280000,0x00000000ed280000,0x00000000edb00000)
 ParOldGen       total 49152K, used 17298K [0x00000000c2800000, 0x00000000c5800000, 0x00000000eb800000)
  object space 49152K, 35% used [0x00000000c2800000,0x00000000c38e4890,0x00000000c5800000)
 Metaspace       used 21212K, capacity 22208K, committed 22528K, reserved 1069056K
  class space    used 2770K, capacity 3001K, committed 3072K, reserved 1048576K
}

