# JRE version: OpenJDK Runtime Environment (8.0_45-b14) (build 1.8.0_45-b14)
# Java VM: OpenJDK 64-Bit Server VM (25.45-b02 mixed mode linux-amd64 compressed oops)
Heap:
 PSYoungGen      total 29696K, used 13242K [0x00000000eb800000, 0x00000000ee400000, 0x0000000100000000)
  eden space 25088K, 36% used [0x00000000eb800000,0x00000000ec0d8c58,0x00000000ed080000)
  from space 4608K, 90% used [0x00000000edf80000,0x00000000ee395c90,0x00000000ee400000)
  to   space 8704K, 0% used [0x00000000ed300000,0x00000000ed300000,0x00000000edb80000)
 ParOldGen       total 45568K, used 13957K [0x00000000c2800000, 0x00000000c5480000, 0x00000000eb800000)
  object space 45568K, 30% used [0x00000000c2800000,0x00000000c35a17d0,0x00000000c5480000)
 Metaspace       used 21295K, capacity 22336K, committed 22528K, reserved 1069056K
  class space    used 2775K, capacity 3001K, committed 3072K, reserved 1048576K
GC Heap History (10 events):
Event: 2,203 GC heap before
{Heap before GC invocations=3 (full 0):
 PSYoungGen      total 18432K, used 18416K [0x00000000eb800000, 0x00000000edc00000, 0x0000000100000000)
  eden space 15872K, 100% used [0x00000000eb800000,0x00000000ec780000,0x00000000ec780000)
  from space 2560K, 99% used [0x00000000eca00000,0x00000000ecc7c030,0x00000000ecc80000)
  to   space 2560K, 0% used [0x00000000ec780000,0x00000000ec780000,0x00000000eca00000)
 ParOldGen       total 42496K, used 5349K [0x00000000c2800000, 0x00000000c5180000, 0x00000000eb800000)
  object space 42496K, 12% used [0x00000000c2800000,0x00000000c2d39538,0x00000000c5180000)
 Metaspace       used 16042K, capacity 16684K, committed 17024K, reserved 1064960K
  class space    used 2183K, capacity 2343K, committed 2432K, reserved 1048576K
Event: 2,215 GC heap after
Heap after GC invocations=3 (full 0):
 PSYoungGen      total 18432K, used 2544K [0x00000000eb800000, 0x00000000edc00000, 0x0000000100000000)
  eden space 15872K, 0% used [0x00000000eb800000,0x00000000eb800000,0x00000000ec780000)
  from space 2560K, 99% used [0x00000000ec780000,0x00000000ec9fc030,0x00000000eca00000)
  to   space 2560K, 0% used [0x00000000ed980000,0x00000000ed980000,0x00000000edc00000)
 ParOldGen       total 42496K, used 10368K [0x00000000c2800000, 0x00000000c5180000, 0x00000000eb800000)
  object space 42496K, 24% used [0x00000000c2800000,0x00000000c3220310,0x00000000c5180000)
 Metaspace       used 16042K, capacity 16684K, committed 17024K, reserved 1064960K
  class space    used 2183K, capacity 2343K, committed 2432K, reserved 1048576K
}
Event: 5,866 GC heap before
{Heap before GC invocations=4 (full 0):
 PSYoungGen      total 18432K, used 18110K [0x00000000eb800000, 0x00000000edc00000, 0x0000000100000000)
  eden space 15872K, 98% used [0x00000000eb800000,0x00000000ec733930,0x00000000ec780000)
  from space 2560K, 99% used [0x00000000ec780000,0x00000000ec9fc030,0x00000000eca00000)
  to   space 2560K, 0% used [0x00000000ed980000,0x00000000ed980000,0x00000000edc00000)
 ParOldGen       total 42496K, used 21136K [0x00000000c2800000, 0x00000000c5180000, 0x00000000eb800000)
  object space 42496K, 49% used [0x00000000c2800000,0x00000000c3ca42d8,0x00000000c5180000)
 Metaspace       used 20024K, capacity 20860K, committed 21120K, reserved 1067008K
  class space    used 2626K, capacity 2831K, committed 2944K, reserved 1048576K
Event: 5,875 GC heap after
Heap after GC invocations=4 (full 0):
 PSYoungGen      total 18432K, used 2537K [0x00000000eb800000, 0x00000000edc00000, 0x0000000100000000)
  eden space 15872K, 0% used [0x00000000eb800000,0x00000000eb800000,0x00000000ec780000)
  from space 2560K, 99% used [0x00000000ed980000,0x00000000edbfa780,0x00000000edc00000)
  to   space 2560K, 0% used [0x00000000ec780000,0x00000000ec780000,0x00000000eca00000)
 ParOldGen       total 42496K, used 25672K [0x00000000c2800000, 0x00000000c5180000, 0x00000000eb800000)
  object space 42496K, 60% used [0x00000000c2800000,0x00000000c4112080,0x00000000c5180000)
 Metaspace       used 20024K, capacity 20860K, committed 21120K, reserved 1067008K
  class space    used 2626K, capacity 2831K, committed 2944K, reserved 1048576K
}
Event: 6,290 GC heap before
{Heap before GC invocations=5 (full 0):
 PSYoungGen      total 18432K, used 15032K [0x00000000eb800000, 0x00000000edc00000, 0x0000000100000000)
  eden space 15872K, 78% used [0x00000000eb800000,0x00000000ec433b90,0x00000000ec780000)
  from space 2560K, 99% used [0x00000000ed980000,0x00000000edbfa780,0x00000000edc00000)
  to   space 2560K, 0% used [0x00000000ec780000,0x00000000ec780000,0x00000000eca00000)
 ParOldGen       total 42496K, used 25672K [0x00000000c2800000, 0x00000000c5180000, 0x00000000eb800000)
  object space 42496K, 60% used [0x00000000c2800000,0x00000000c4112080,0x00000000c5180000)
 Metaspace       used 20371K, capacity 21176K, committed 21296K, reserved 1067008K
  class space    used 2647K, capacity 2867K, committed 2944K, reserved 1048576K
Event: 6,300 GC heap after
Heap after GC invocations=5 (full 0):
 PSYoungGen      total 18432K, used 2528K [0x00000000eb800000, 0x00000000ee800000, 0x0000000100000000)
  eden space 15872K, 0% used [0x00000000eb800000,0x00000000eb800000,0x00000000ec780000)
  from space 2560K, 98% used [0x00000000ec780000,0x00000000ec9f8020,0x00000000eca00000)
  to   space 8704K, 0% used [0x00000000edf80000,0x00000000edf80000,0x00000000ee800000)
 ParOldGen       total 42496K, used 29941K [0x00000000c2800000, 0x00000000c5180000, 0x00000000eb800000)
  object space 42496K, 70% used [0x00000000c2800000,0x00000000c453d470,0x00000000c5180000)
 Metaspace       used 20371K, capacity 21176K, committed 21296K, reserved 1067008K
  class space    used 2647K, capacity 2867K, committed 2944K, reserved 1048576K
}
Event: 6,300 GC heap before
{Heap before GC invocations=6 (full 1):
 PSYoungGen      total 18432K, used 2528K [0x00000000eb800000, 0x00000000ee800000, 0x0000000100000000)
  eden space 15872K, 0% used [0x00000000eb800000,0x00000000eb800000,0x00000000ec780000)
  from space 2560K, 98% used [0x00000000ec780000,0x00000000ec9f8020,0x00000000eca00000)
  to   space 8704K, 0% used [0x00000000edf80000,0x00000000edf80000,0x00000000ee800000)
 ParOldGen       total 42496K, used 29941K [0x00000000c2800000, 0x00000000c5180000, 0x00000000eb800000)
  object space 42496K, 70% used [0x00000000c2800000,0x00000000c453d470,0x00000000c5180000)
 Metaspace       used 20371K, capacity 21176K, committed 21296K, reserved 1067008K
  class space    used 2647K, capacity 2867K, committed 2944K, reserved 1048576K
Event: 6,372 GC heap after
Heap after GC invocations=6 (full 1):
 PSYoungGen      total 18432K, used 0K [0x00000000eb800000, 0x00000000ee800000, 0x0000000100000000)
  eden space 15872K, 0% used [0x00000000eb800000,0x00000000eb800000,0x00000000ec780000)
  from space 2560K, 0% used [0x00000000ec780000,0x00000000ec780000,0x00000000eca00000)
  to   space 8704K, 0% used [0x00000000edf80000,0x00000000edf80000,0x00000000ee800000)
 ParOldGen       total 45568K, used 13957K [0x00000000c2800000, 0x00000000c5480000, 0x00000000eb800000)
  object space 45568K, 30% used [0x00000000c2800000,0x00000000c35a17d0,0x00000000c5480000)
 Metaspace       used 20371K, capacity 21176K, committed 21296K, reserved 1067008K
  class space    used 2647K, capacity 2867K, committed 2944K, reserved 1048576K
}
Event: 6,842 GC heap before
{Heap before GC invocations=7 (full 1):
 PSYoungGen      total 18432K, used 15872K [0x00000000eb800000, 0x00000000ee800000, 0x0000000100000000)
  eden space 15872K, 100% used [0x00000000eb800000,0x00000000ec780000,0x00000000ec780000)
  from space 2560K, 0% used [0x00000000ec780000,0x00000000ec780000,0x00000000eca00000)
  to   space 8704K, 0% used [0x00000000edf80000,0x00000000edf80000,0x00000000ee800000)
 ParOldGen       total 45568K, used 13957K [0x00000000c2800000, 0x00000000c5480000, 0x00000000eb800000)
  object space 45568K, 30% used [0x00000000c2800000,0x00000000c35a17d0,0x00000000c5480000)
 Metaspace       used 21116K, capacity 22072K, committed 22272K, reserved 1069056K
  class space    used 2775K, capacity 3001K, committed 3072K, reserved 1048576K
Event: 6,852 GC heap after
Heap after GC invocations=7 (full 1):
 PSYoungGen      total 29696K, used 4183K [0x00000000eb800000, 0x00000000ee400000, 0x0000000100000000)
  eden space 25088K, 0% used [0x00000000eb800000,0x00000000eb800000,0x00000000ed080000)
  from space 4608K, 90% used [0x00000000edf80000,0x00000000ee395c90,0x00000000ee400000)
  to   space 8704K, 0% used [0x00000000ed300000,0x00000000ed300000,0x00000000edb80000)
 ParOldGen       total 45568K, used 13957K [0x00000000c2800000, 0x00000000c5480000, 0x00000000eb800000)
  object space 45568K, 30% used [0x00000000c2800000,0x00000000c35a17d0,0x00000000c5480000)
 Metaspace       used 21116K, capacity 22072K, committed 22272K, reserved 1069056K
  class space    used 2775K, capacity 3001K, committed 3072K, reserved 1048576K
}

