# JRE version: OpenJDK Runtime Environment (8.0_45-b14) (build 1.8.0_45-b14)
# Java VM: OpenJDK 64-Bit Server VM (25.45-b02 mixed mode linux-amd64 compressed oops)
Heap:
 PSYoungGen      total 40448K, used 18151K [0x00000000eb800000, 0x00000000f0800000, 0x0000000100000000)
  eden space 30720K, 29% used [0x00000000eb800000,0x00000000ec0f4860,0x00000000ed600000)
  from space 9728K, 92% used [0x00000000ed600000,0x00000000edec5738,0x00000000edf80000)
  to   space 10752K, 0% used [0x00000000efd80000,0x00000000efd80000,0x00000000f0800000)
 ParOldGen       total 38400K, used 10500K [0x00000000c2800000, 0x00000000c4d80000, 0x00000000eb800000)
  object space 38400K, 27% used [0x00000000c2800000,0x00000000c32412c0,0x00000000c4d80000)
 Metaspace       used 21766K, capacity 22768K, committed 23040K, reserved 1069056K
  class space    used 2790K, capacity 3011K, committed 3072K, reserved 1048576K
GC Heap History (10 events):
Event: 7,591 GC heap before
{Heap before GC invocations=4 (full 0):
 PSYoungGen      total 18432K, used 18419K [0x00000000eb800000, 0x00000000edc00000, 0x0000000100000000)
  eden space 15872K, 100% used [0x00000000eb800000,0x00000000ec780000,0x00000000ec780000)
  from space 2560K, 99% used [0x00000000ec780000,0x00000000ec9fcd80,0x00000000eca00000)
  to   space 2560K, 0% used [0x00000000ed980000,0x00000000ed980000,0x00000000edc00000)
 ParOldGen       total 42496K, used 4369K [0x00000000c2800000, 0x00000000c5180000, 0x00000000eb800000)
  object space 42496K, 10% used [0x00000000c2800000,0x00000000c2c44778,0x00000000c5180000)
 Metaspace       used 11926K, capacity 12416K, committed 12672K, reserved 1060864K
  class space    used 1514K, capacity 1657K, committed 1664K, reserved 1048576K
Event: 7,605 GC heap after
Heap after GC invocations=4 (full 0):
 PSYoungGen      total 34304K, used 2547K [0x00000000eb800000, 0x00000000edc00000, 0x0000000100000000)
  eden space 31744K, 0% used [0x00000000eb800000,0x00000000eb800000,0x00000000ed700000)
  from space 2560K, 99% used [0x00000000ed980000,0x00000000edbfcd40,0x00000000edc00000)
  to   space 2560K, 0% used [0x00000000ed700000,0x00000000ed700000,0x00000000ed980000)
 ParOldGen       total 42496K, used 6595K [0x00000000c2800000, 0x00000000c5180000, 0x00000000eb800000)
  object space 42496K, 15% used [0x00000000c2800000,0x00000000c2e70f28,0x00000000c5180000)
 Metaspace       used 11926K, capacity 12416K, committed 12672K, reserved 1060864K
  class space    used 1514K, capacity 1657K, committed 1664K, reserved 1048576K
}
Event: 123,704 GC heap before
{Heap before GC invocations=5 (full 0):
 PSYoungGen      total 34304K, used 28516K [0x00000000eb800000, 0x00000000edc00000, 0x0000000100000000)
  eden space 31744K, 81% used [0x00000000eb800000,0x00000000ed15c618,0x00000000ed700000)
  from space 2560K, 99% used [0x00000000ed980000,0x00000000edbfcd40,0x00000000edc00000)
  to   space 2560K, 0% used [0x00000000ed700000,0x00000000ed700000,0x00000000ed980000)
 ParOldGen       total 42496K, used 6595K [0x00000000c2800000, 0x00000000c5180000, 0x00000000eb800000)
  object space 42496K, 15% used [0x00000000c2800000,0x00000000c2e70f28,0x00000000c5180000)
 Metaspace       used 20280K, capacity 21132K, committed 21296K, reserved 1067008K
  class space    used 2611K, capacity 2835K, committed 2944K, reserved 1048576K
Event: 123,736 GC heap after
Heap after GC invocations=5 (full 0):
 PSYoungGen      total 33280K, used 2531K [0x00000000eb800000, 0x00000000ee900000, 0x0000000100000000)
  eden space 30720K, 0% used [0x00000000eb800000,0x00000000eb800000,0x00000000ed600000)
  from space 2560K, 98% used [0x00000000ed700000,0x00000000ed978d88,0x00000000ed980000)
  to   space 9728K, 0% used [0x00000000edf80000,0x00000000edf80000,0x00000000ee900000)
 ParOldGen       total 42496K, used 14614K [0x00000000c2800000, 0x00000000c5180000, 0x00000000eb800000)
  object space 42496K, 34% used [0x00000000c2800000,0x00000000c3645a08,0x00000000c5180000)
 Metaspace       used 20280K, capacity 21132K, committed 21296K, reserved 1067008K
  class space    used 2611K, capacity 2835K, committed 2944K, reserved 1048576K
}
Event: 124,056 GC heap before
{Heap before GC invocations=6 (full 0):
 PSYoungGen      total 33280K, used 14478K [0x00000000eb800000, 0x00000000ee900000, 0x0000000100000000)
  eden space 30720K, 38% used [0x00000000eb800000,0x00000000ec3aad00,0x00000000ed600000)
  from space 2560K, 98% used [0x00000000ed700000,0x00000000ed978d88,0x00000000ed980000)
  to   space 9728K, 0% used [0x00000000edf80000,0x00000000edf80000,0x00000000ee900000)
 ParOldGen       total 42496K, used 14614K [0x00000000c2800000, 0x00000000c5180000, 0x00000000eb800000)
  object space 42496K, 34% used [0x00000000c2800000,0x00000000c3645a08,0x00000000c5180000)
 Metaspace       used 20365K, capacity 21140K, committed 21296K, reserved 1067008K
  class space    used 2617K, capacity 2837K, committed 2944K, reserved 1048576K
Event: 124,079 GC heap after
Heap after GC invocations=6 (full 0):
 PSYoungGen      total 40448K, used 3016K [0x00000000eb800000, 0x00000000f0700000, 0x0000000100000000)
  eden space 30720K, 0% used [0x00000000eb800000,0x00000000eb800000,0x00000000ed600000)
  from space 9728K, 31% used [0x00000000edf80000,0x00000000ee272228,0x00000000ee900000)
  to   space 9728K, 0% used [0x00000000ed600000,0x00000000ed600000,0x00000000edf80000)
 ParOldGen       total 42496K, used 25382K [0x00000000c2800000, 0x00000000c5180000, 0x00000000eb800000)
  object space 42496K, 59% used [0x00000000c2800000,0x00000000c40c99d0,0x00000000c5180000)
 Metaspace       used 20365K, capacity 21140K, committed 21296K, reserved 1067008K
  class space    used 2617K, capacity 2837K, committed 2944K, reserved 1048576K
}
Event: 124,079 GC heap before
{Heap before GC invocations=7 (full 1):
 PSYoungGen      total 40448K, used 3016K [0x00000000eb800000, 0x00000000f0700000, 0x0000000100000000)
  eden space 30720K, 0% used [0x00000000eb800000,0x00000000eb800000,0x00000000ed600000)
  from space 9728K, 31% used [0x00000000edf80000,0x00000000ee272228,0x00000000ee900000)
  to   space 9728K, 0% used [0x00000000ed600000,0x00000000ed600000,0x00000000edf80000)
 ParOldGen       total 42496K, used 25382K [0x00000000c2800000, 0x00000000c5180000, 0x00000000eb800000)
  object space 42496K, 59% used [0x00000000c2800000,0x00000000c40c99d0,0x00000000c5180000)
 Metaspace       used 20365K, capacity 21140K, committed 21296K, reserved 1067008K
  class space    used 2617K, capacity 2837K, committed 2944K, reserved 1048576K
Event: 124,181 GC heap after
Heap after GC invocations=7 (full 1):
 PSYoungGen      total 40448K, used 0K [0x00000000eb800000, 0x00000000f0700000, 0x0000000100000000)
  eden space 30720K, 0% used [0x00000000eb800000,0x00000000eb800000,0x00000000ed600000)
  from space 9728K, 0% used [0x00000000edf80000,0x00000000edf80000,0x00000000ee900000)
  to   space 9728K, 0% used [0x00000000ed600000,0x00000000ed600000,0x00000000edf80000)
 ParOldGen       total 38400K, used 10492K [0x00000000c2800000, 0x00000000c4d80000, 0x00000000eb800000)
  object space 38400K, 27% used [0x00000000c2800000,0x00000000c323f2c0,0x00000000c4d80000)
 Metaspace       used 20365K, capacity 21140K, committed 21296K, reserved 1067008K
  class space    used 2617K, capacity 2837K, committed 2944K, reserved 1048576K
}
Event: 125,958 GC heap before
{Heap before GC invocations=8 (full 1):
 PSYoungGen      total 40448K, used 30720K [0x00000000eb800000, 0x00000000f0700000, 0x0000000100000000)
  eden space 30720K, 100% used [0x00000000eb800000,0x00000000ed600000,0x00000000ed600000)
  from space 9728K, 0% used [0x00000000edf80000,0x00000000edf80000,0x00000000ee900000)
  to   space 9728K, 0% used [0x00000000ed600000,0x00000000ed600000,0x00000000edf80000)
 ParOldGen       total 38400K, used 10492K [0x00000000c2800000, 0x00000000c4d80000, 0x00000000eb800000)
  object space 38400K, 27% used [0x00000000c2800000,0x00000000c323f2c0,0x00000000c4d80000)
 Metaspace       used 21633K, capacity 22632K, committed 22784K, reserved 1069056K
  class space    used 2790K, capacity 3011K, committed 3072K, reserved 1048576K
Event: 125,978 GC heap after
Heap after GC invocations=8 (full 1):
 PSYoungGen      total 40448K, used 8981K [0x00000000eb800000, 0x00000000f0800000, 0x0000000100000000)
  eden space 30720K, 0% used [0x00000000eb800000,0x00000000eb800000,0x00000000ed600000)
  from space 9728K, 92% used [0x00000000ed600000,0x00000000edec5738,0x00000000edf80000)
  to   space 10752K, 0% used [0x00000000efd80000,0x00000000efd80000,0x00000000f0800000)
 ParOldGen       total 38400K, used 10500K [0x00000000c2800000, 0x00000000c4d80000, 0x00000000eb800000)
  object space 38400K, 27% used [0x00000000c2800000,0x00000000c32412c0,0x00000000c4d80000)
 Metaspace       used 21633K, capacity 22632K, committed 22784K, reserved 1069056K
  class space    used 2790K, capacity 3011K, committed 3072K, reserved 1048576K
}

